<?xml version="1.0" encoding="UTF-8"?>
<!-- Generated by org.testng.reporters.JUnitReportReporter -->
<testsuite hostname="I55WIN7PLP" name="Academy.validateTitle" tests="1" failures="0" timestamp="26 Mar 2018 08:25:01 GMT" time="0.062" errors="0">
  <testcase name="validateAppTitle" time="0.062" classname="Academy.validateTitle"/>
</testsuite> <!-- Academy.validateTitle -->
